{"/home/antonio-fernando/Documents/stg-catalog-challenge/src/hooks/useCart.tsx": {"path":"/home/antonio-fernando/Documents/stg-catalog-challenge/src/hooks/useCart.tsx","all":false,"statementMap":{"0":{"start":{"line":1,"column":0},"end":{"line":1,"column":12}},"1":{"start":{"line":2,"column":0},"end":{"line":2,"column":0}},"2":{"start":{"line":3,"column":0},"end":{"line":3,"column":30}},"3":{"start":{"line":4,"column":0},"end":{"line":4,"column":0}},"4":{"start":{"line":5,"column":0},"end":{"line":5,"column":53}},"5":{"start":{"line":6,"column":0},"end":{"line":6,"column":53}},"6":{"start":{"line":7,"column":0},"end":{"line":7,"column":70}},"7":{"start":{"line":8,"column":0},"end":{"line":8,"column":35}},"8":{"start":{"line":9,"column":0},"end":{"line":9,"column":34}},"9":{"start":{"line":10,"column":0},"end":{"line":10,"column":0}},"10":{"start":{"line":11,"column":0},"end":{"line":11,"column":27}},"11":{"start":{"line":12,"column":0},"end":{"line":12,"column":23}},"12":{"start":{"line":13,"column":0},"end":{"line":13,"column":18}},"13":{"start":{"line":14,"column":0},"end":{"line":14,"column":67}},"14":{"start":{"line":15,"column":0},"end":{"line":15,"column":51}},"15":{"start":{"line":16,"column":0},"end":{"line":16,"column":69}},"16":{"start":{"line":17,"column":0},"end":{"line":17,"column":32}},"17":{"start":{"line":18,"column":0},"end":{"line":18,"column":28}},"18":{"start":{"line":19,"column":0},"end":{"line":19,"column":34}},"19":{"start":{"line":20,"column":0},"end":{"line":20,"column":1}},"20":{"start":{"line":21,"column":0},"end":{"line":21,"column":0}},"21":{"start":{"line":22,"column":0},"end":{"line":22,"column":52}},"22":{"start":{"line":23,"column":0},"end":{"line":23,"column":16}},"23":{"start":{"line":24,"column":0},"end":{"line":24,"column":17}},"24":{"start":{"line":25,"column":0},"end":{"line":25,"column":28}},"25":{"start":{"line":26,"column":0},"end":{"line":26,"column":33}},"26":{"start":{"line":27,"column":0},"end":{"line":27,"column":33}},"27":{"start":{"line":28,"column":0},"end":{"line":28,"column":28}},"28":{"start":{"line":29,"column":0},"end":{"line":29,"column":24}},"29":{"start":{"line":30,"column":0},"end":{"line":30,"column":30}},"30":{"start":{"line":31,"column":0},"end":{"line":31,"column":2}},"31":{"start":{"line":32,"column":0},"end":{"line":32,"column":0}},"32":{"start":{"line":33,"column":0},"end":{"line":33,"column":27}},"33":{"start":{"line":34,"column":0},"end":{"line":34,"column":32}},"34":{"start":{"line":35,"column":0},"end":{"line":35,"column":1}},"35":{"start":{"line":36,"column":0},"end":{"line":36,"column":0}},"36":{"start":{"line":37,"column":0},"end":{"line":37,"column":75}},"37":{"start":{"line":38,"column":0},"end":{"line":38,"column":60}},"38":{"start":{"line":39,"column":0},"end":{"line":39,"column":47}},"39":{"start":{"line":40,"column":0},"end":{"line":40,"column":28}},"40":{"start":{"line":41,"column":0},"end":{"line":41,"column":33}},"41":{"start":{"line":42,"column":0},"end":{"line":42,"column":0}},"42":{"start":{"line":43,"column":0},"end":{"line":43,"column":38}},"43":{"start":{"line":44,"column":0},"end":{"line":44,"column":21}},"44":{"start":{"line":45,"column":0},"end":{"line":45,"column":0}},"45":{"start":{"line":46,"column":0},"end":{"line":46,"column":20}},"46":{"start":{"line":47,"column":0},"end":{"line":47,"column":9}},"47":{"start":{"line":48,"column":0},"end":{"line":48,"column":44}},"48":{"start":{"line":49,"column":0},"end":{"line":49,"column":27}},"49":{"start":{"line":50,"column":0},"end":{"line":50,"column":17}},"50":{"start":{"line":51,"column":0},"end":{"line":51,"column":12}},"51":{"start":{"line":52,"column":0},"end":{"line":52,"column":29}},"52":{"start":{"line":53,"column":0},"end":{"line":53,"column":10}},"53":{"start":{"line":54,"column":0},"end":{"line":54,"column":31}},"54":{"start":{"line":55,"column":0},"end":{"line":55,"column":0}},"55":{"start":{"line":56,"column":0},"end":{"line":56,"column":28}},"56":{"start":{"line":57,"column":0},"end":{"line":57,"column":30}},"57":{"start":{"line":58,"column":0},"end":{"line":58,"column":21}},"58":{"start":{"line":59,"column":0},"end":{"line":59,"column":56}},"59":{"start":{"line":60,"column":0},"end":{"line":60,"column":13}},"60":{"start":{"line":61,"column":0},"end":{"line":61,"column":22}},"61":{"start":{"line":62,"column":0},"end":{"line":62,"column":60}},"62":{"start":{"line":63,"column":0},"end":{"line":63,"column":31}},"63":{"start":{"line":64,"column":0},"end":{"line":64,"column":8}},"64":{"start":{"line":65,"column":0},"end":{"line":65,"column":15}},"65":{"start":{"line":66,"column":0},"end":{"line":66,"column":23}},"66":{"start":{"line":67,"column":0},"end":{"line":67,"column":5}},"67":{"start":{"line":68,"column":0},"end":{"line":68,"column":3}},"68":{"start":{"line":69,"column":0},"end":{"line":69,"column":0}},"69":{"start":{"line":70,"column":0},"end":{"line":70,"column":19}},"70":{"start":{"line":71,"column":0},"end":{"line":71,"column":15}},"71":{"start":{"line":72,"column":0},"end":{"line":72,"column":22}},"72":{"start":{"line":73,"column":0},"end":{"line":73,"column":12}},"73":{"start":{"line":74,"column":0},"end":{"line":74,"column":22}},"74":{"start":{"line":75,"column":0},"end":{"line":75,"column":5}},"75":{"start":{"line":76,"column":0},"end":{"line":76,"column":12}},"76":{"start":{"line":77,"column":0},"end":{"line":77,"column":0}},"77":{"start":{"line":78,"column":0},"end":{"line":78,"column":63}},"78":{"start":{"line":79,"column":0},"end":{"line":79,"column":21}},"79":{"start":{"line":80,"column":0},"end":{"line":80,"column":0}},"80":{"start":{"line":81,"column":0},"end":{"line":81,"column":9}},"81":{"start":{"line":82,"column":0},"end":{"line":82,"column":45}},"82":{"start":{"line":83,"column":0},"end":{"line":83,"column":83}},"83":{"start":{"line":84,"column":0},"end":{"line":84,"column":0}},"84":{"start":{"line":85,"column":0},"end":{"line":85,"column":25}},"85":{"start":{"line":86,"column":0},"end":{"line":86,"column":79}},"86":{"start":{"line":87,"column":0},"end":{"line":87,"column":14}},"87":{"start":{"line":88,"column":0},"end":{"line":88,"column":68}},"88":{"start":{"line":89,"column":0},"end":{"line":89,"column":27}},"89":{"start":{"line":90,"column":0},"end":{"line":90,"column":33}},"90":{"start":{"line":91,"column":0},"end":{"line":91,"column":19}},"91":{"start":{"line":92,"column":0},"end":{"line":92,"column":10}},"92":{"start":{"line":93,"column":0},"end":{"line":93,"column":0}},"93":{"start":{"line":94,"column":0},"end":{"line":94,"column":30}},"94":{"start":{"line":95,"column":0},"end":{"line":95,"column":30}},"95":{"start":{"line":96,"column":0},"end":{"line":96,"column":7}},"96":{"start":{"line":97,"column":0},"end":{"line":97,"column":0}},"97":{"start":{"line":98,"column":0},"end":{"line":98,"column":13}},"98":{"start":{"line":99,"column":0},"end":{"line":99,"column":36}},"99":{"start":{"line":100,"column":0},"end":{"line":100,"column":66}},"100":{"start":{"line":101,"column":0},"end":{"line":101,"column":8}},"101":{"start":{"line":102,"column":0},"end":{"line":102,"column":21}},"102":{"start":{"line":103,"column":0},"end":{"line":103,"column":51}},"103":{"start":{"line":104,"column":0},"end":{"line":104,"column":13}},"104":{"start":{"line":105,"column":0},"end":{"line":105,"column":22}},"105":{"start":{"line":106,"column":0},"end":{"line":106,"column":72}},"106":{"start":{"line":107,"column":0},"end":{"line":107,"column":31}},"107":{"start":{"line":108,"column":0},"end":{"line":108,"column":8}},"108":{"start":{"line":109,"column":0},"end":{"line":109,"column":5}},"109":{"start":{"line":110,"column":0},"end":{"line":110,"column":3}},"110":{"start":{"line":111,"column":0},"end":{"line":111,"column":0}},"111":{"start":{"line":112,"column":0},"end":{"line":112,"column":52}},"112":{"start":{"line":113,"column":0},"end":{"line":113,"column":9}},"113":{"start":{"line":114,"column":0},"end":{"line":114,"column":83}},"114":{"start":{"line":115,"column":0},"end":{"line":115,"column":0}},"115":{"start":{"line":116,"column":0},"end":{"line":116,"column":28}},"116":{"start":{"line":117,"column":0},"end":{"line":117,"column":28}},"117":{"start":{"line":118,"column":0},"end":{"line":118,"column":0}},"118":{"start":{"line":119,"column":0},"end":{"line":119,"column":13}},"119":{"start":{"line":120,"column":0},"end":{"line":120,"column":34}},"120":{"start":{"line":121,"column":0},"end":{"line":121,"column":58}},"121":{"start":{"line":122,"column":0},"end":{"line":122,"column":8}},"122":{"start":{"line":123,"column":0},"end":{"line":123,"column":21}},"123":{"start":{"line":124,"column":0},"end":{"line":124,"column":55}},"124":{"start":{"line":125,"column":0},"end":{"line":125,"column":13}},"125":{"start":{"line":126,"column":0},"end":{"line":126,"column":22}},"126":{"start":{"line":127,"column":0},"end":{"line":127,"column":70}},"127":{"start":{"line":128,"column":0},"end":{"line":128,"column":31}},"128":{"start":{"line":129,"column":0},"end":{"line":129,"column":8}},"129":{"start":{"line":130,"column":0},"end":{"line":130,"column":5}},"130":{"start":{"line":131,"column":0},"end":{"line":131,"column":3}},"131":{"start":{"line":132,"column":0},"end":{"line":132,"column":0}},"132":{"start":{"line":133,"column":0},"end":{"line":133,"column":70}},"133":{"start":{"line":134,"column":0},"end":{"line":134,"column":24}},"134":{"start":{"line":135,"column":0},"end":{"line":135,"column":34}},"135":{"start":{"line":136,"column":0},"end":{"line":136,"column":12}},"136":{"start":{"line":137,"column":0},"end":{"line":137,"column":5}},"137":{"start":{"line":138,"column":0},"end":{"line":138,"column":0}},"138":{"start":{"line":139,"column":0},"end":{"line":139,"column":9}},"139":{"start":{"line":140,"column":0},"end":{"line":140,"column":95}},"140":{"start":{"line":141,"column":0},"end":{"line":141,"column":0}},"141":{"start":{"line":142,"column":0},"end":{"line":142,"column":28}},"142":{"start":{"line":143,"column":0},"end":{"line":143,"column":28}},"143":{"start":{"line":144,"column":0},"end":{"line":144,"column":21}},"144":{"start":{"line":145,"column":0},"end":{"line":145,"column":54}},"145":{"start":{"line":146,"column":0},"end":{"line":146,"column":13}},"146":{"start":{"line":147,"column":0},"end":{"line":147,"column":22}},"147":{"start":{"line":148,"column":0},"end":{"line":148,"column":63}},"148":{"start":{"line":149,"column":0},"end":{"line":149,"column":31}},"149":{"start":{"line":150,"column":0},"end":{"line":150,"column":8}},"150":{"start":{"line":151,"column":0},"end":{"line":151,"column":5}},"151":{"start":{"line":152,"column":0},"end":{"line":152,"column":3}},"152":{"start":{"line":153,"column":0},"end":{"line":153,"column":0}},"153":{"start":{"line":154,"column":0},"end":{"line":154,"column":33}},"154":{"start":{"line":155,"column":0},"end":{"line":155,"column":21}},"155":{"start":{"line":156,"column":0},"end":{"line":156,"column":0}},"156":{"start":{"line":157,"column":0},"end":{"line":157,"column":9}},"157":{"start":{"line":158,"column":0},"end":{"line":158,"column":89}},"158":{"start":{"line":159,"column":0},"end":{"line":159,"column":0}},"159":{"start":{"line":160,"column":0},"end":{"line":160,"column":28}},"160":{"start":{"line":161,"column":0},"end":{"line":161,"column":22}},"161":{"start":{"line":162,"column":0},"end":{"line":162,"column":0}},"162":{"start":{"line":163,"column":0},"end":{"line":163,"column":13}},"163":{"start":{"line":164,"column":0},"end":{"line":164,"column":32}},"164":{"start":{"line":165,"column":0},"end":{"line":165,"column":69}},"165":{"start":{"line":166,"column":0},"end":{"line":166,"column":8}},"166":{"start":{"line":167,"column":0},"end":{"line":167,"column":21}},"167":{"start":{"line":168,"column":0},"end":{"line":168,"column":50}},"168":{"start":{"line":169,"column":0},"end":{"line":169,"column":13}},"169":{"start":{"line":170,"column":0},"end":{"line":170,"column":22}},"170":{"start":{"line":171,"column":0},"end":{"line":171,"column":58}},"171":{"start":{"line":172,"column":0},"end":{"line":172,"column":31}},"172":{"start":{"line":173,"column":0},"end":{"line":173,"column":8}},"173":{"start":{"line":174,"column":0},"end":{"line":174,"column":5}},"174":{"start":{"line":175,"column":0},"end":{"line":175,"column":3}},"175":{"start":{"line":176,"column":0},"end":{"line":176,"column":0}},"176":{"start":{"line":177,"column":0},"end":{"line":177,"column":30}},"177":{"start":{"line":178,"column":0},"end":{"line":178,"column":46}},"178":{"start":{"line":179,"column":0},"end":{"line":179,"column":55}},"179":{"start":{"line":180,"column":0},"end":{"line":180,"column":9}},"180":{"start":{"line":181,"column":0},"end":{"line":181,"column":3}},"181":{"start":{"line":182,"column":0},"end":{"line":182,"column":0}},"182":{"start":{"line":183,"column":0},"end":{"line":183,"column":35}},"183":{"start":{"line":184,"column":0},"end":{"line":184,"column":26}},"184":{"start":{"line":185,"column":0},"end":{"line":185,"column":3}},"185":{"start":{"line":186,"column":0},"end":{"line":186,"column":0}},"186":{"start":{"line":187,"column":0},"end":{"line":187,"column":10}},"187":{"start":{"line":188,"column":0},"end":{"line":188,"column":25}},"188":{"start":{"line":189,"column":0},"end":{"line":189,"column":14}},"189":{"start":{"line":190,"column":0},"end":{"line":190,"column":29}},"190":{"start":{"line":191,"column":0},"end":{"line":191,"column":25}},"191":{"start":{"line":192,"column":0},"end":{"line":192,"column":29}},"192":{"start":{"line":193,"column":0},"end":{"line":193,"column":39}},"193":{"start":{"line":194,"column":0},"end":{"line":194,"column":39}},"194":{"start":{"line":195,"column":0},"end":{"line":195,"column":29}},"195":{"start":{"line":196,"column":0},"end":{"line":196,"column":35}},"196":{"start":{"line":197,"column":0},"end":{"line":197,"column":33}},"197":{"start":{"line":198,"column":0},"end":{"line":198,"column":8}},"198":{"start":{"line":199,"column":0},"end":{"line":199,"column":5}},"199":{"start":{"line":200,"column":0},"end":{"line":200,"column":16}},"200":{"start":{"line":201,"column":0},"end":{"line":201,"column":27}},"201":{"start":{"line":202,"column":0},"end":{"line":202,"column":3}},"202":{"start":{"line":203,"column":0},"end":{"line":203,"column":1}}},"s":{"0":1,"1":1,"2":1,"3":1,"4":1,"5":1,"6":1,"7":1,"8":1,"9":1,"10":1,"11":1,"12":1,"13":1,"14":1,"15":1,"16":1,"17":1,"18":1,"19":1,"20":1,"21":1,"22":1,"23":1,"24":1,"25":1,"26":1,"27":1,"28":1,"29":1,"30":1,"31":1,"32":1,"33":27,"34":27,"35":1,"36":1,"37":27,"38":27,"39":27,"40":27,"41":27,"42":27,"43":12,"44":12,"45":12,"46":12,"47":12,"48":12,"49":12,"50":12,"51":12,"52":12,"53":12,"54":12,"55":12,"56":12,"57":12,"58":0,"59":0,"60":0,"61":0,"62":0,"63":0,"64":12,"65":12,"66":12,"67":12,"68":27,"69":27,"70":7,"71":7,"72":7,"73":0,"74":0,"75":27,"76":27,"77":27,"78":2,"79":2,"80":2,"81":2,"82":2,"83":2,"84":2,"85":1,"86":1,"87":1,"88":1,"89":1,"90":1,"91":1,"92":1,"93":1,"94":1,"95":1,"96":2,"97":2,"98":2,"99":2,"100":2,"101":2,"102":0,"103":0,"104":0,"105":0,"106":0,"107":0,"108":0,"109":2,"110":27,"111":27,"112":1,"113":1,"114":1,"115":1,"116":1,"117":1,"118":1,"119":1,"120":1,"121":1,"122":1,"123":0,"124":0,"125":0,"126":0,"127":0,"128":0,"129":0,"130":1,"131":27,"132":27,"133":3,"134":0,"135":0,"136":0,"137":3,"138":3,"139":3,"140":3,"141":3,"142":3,"143":3,"144":0,"145":0,"146":0,"147":0,"148":0,"149":0,"150":0,"151":3,"152":27,"153":27,"154":1,"155":1,"156":1,"157":1,"158":1,"159":1,"160":1,"161":1,"162":1,"163":1,"164":1,"165":1,"166":1,"167":0,"168":0,"169":0,"170":0,"171":0,"172":0,"173":0,"174":1,"175":27,"176":27,"177":2,"178":4,"179":2,"180":2,"181":27,"182":27,"183":0,"184":0,"185":27,"186":27,"187":27,"188":27,"189":27,"190":27,"191":27,"192":27,"193":27,"194":27,"195":27,"196":27,"197":27,"198":27,"199":27,"200":27,"201":27,"202":27},"branchMap":{"0":{"type":"branch","line":33,"loc":{"start":{"line":33,"column":7},"end":{"line":35,"column":1}},"locations":[{"start":{"line":33,"column":7},"end":{"line":35,"column":1}}]},"1":{"type":"branch","line":37,"loc":{"start":{"line":37,"column":7},"end":{"line":203,"column":1}},"locations":[{"start":{"line":37,"column":7},"end":{"line":203,"column":1}}]},"2":{"type":"branch","line":43,"loc":{"start":{"line":43,"column":25},"end":{"line":68,"column":3}},"locations":[{"start":{"line":43,"column":25},"end":{"line":68,"column":3}}]},"3":{"type":"branch","line":44,"loc":{"start":{"line":44,"column":15},"end":{"line":44,"column":21}},"locations":[{"start":{"line":44,"column":15},"end":{"line":44,"column":21}}]},"4":{"type":"branch","line":56,"loc":{"start":{"line":56,"column":17},"end":{"line":56,"column":28}},"locations":[{"start":{"line":56,"column":17},"end":{"line":56,"column":28}}]},"5":{"type":"branch","line":57,"loc":{"start":{"line":57,"column":19},"end":{"line":57,"column":29}},"locations":[{"start":{"line":57,"column":19},"end":{"line":57,"column":29}}]},"6":{"type":"branch","line":58,"loc":{"start":{"line":58,"column":6},"end":{"line":65,"column":14}},"locations":[{"start":{"line":58,"column":6},"end":{"line":65,"column":14}}]},"7":{"type":"branch","line":70,"loc":{"start":{"line":70,"column":12},"end":{"line":76,"column":5}},"locations":[{"start":{"line":70,"column":12},"end":{"line":76,"column":5}}]},"8":{"type":"branch","line":73,"loc":{"start":{"line":73,"column":4},"end":{"line":75,"column":5}},"locations":[{"start":{"line":73,"column":4},"end":{"line":75,"column":5}}]},"9":{"type":"branch","line":78,"loc":{"start":{"line":78,"column":20},"end":{"line":110,"column":3}},"locations":[{"start":{"line":78,"column":20},"end":{"line":110,"column":3}}]},"10":{"type":"branch","line":79,"loc":{"start":{"line":79,"column":15},"end":{"line":79,"column":21}},"locations":[{"start":{"line":79,"column":15},"end":{"line":79,"column":21}}]},"11":{"type":"branch","line":85,"loc":{"start":{"line":85,"column":24},"end":{"line":96,"column":7}},"locations":[{"start":{"line":85,"column":24},"end":{"line":96,"column":7}}]},"12":{"type":"branch","line":94,"loc":{"start":{"line":94,"column":19},"end":{"line":94,"column":30}},"locations":[{"start":{"line":94,"column":19},"end":{"line":94,"column":30}}]},"13":{"type":"branch","line":102,"loc":{"start":{"line":102,"column":6},"end":{"line":109,"column":5}},"locations":[{"start":{"line":102,"column":6},"end":{"line":109,"column":5}}]},"14":{"type":"branch","line":83,"loc":{"start":{"line":83,"column":42},"end":{"line":83,"column":82}},"locations":[{"start":{"line":83,"column":42},"end":{"line":83,"column":82}}]},"15":{"type":"branch","line":112,"loc":{"start":{"line":112,"column":25},"end":{"line":131,"column":3}},"locations":[{"start":{"line":112,"column":25},"end":{"line":131,"column":3}}]},"16":{"type":"branch","line":116,"loc":{"start":{"line":116,"column":17},"end":{"line":116,"column":28}},"locations":[{"start":{"line":116,"column":17},"end":{"line":116,"column":28}}]},"17":{"type":"branch","line":123,"loc":{"start":{"line":123,"column":6},"end":{"line":130,"column":5}},"locations":[{"start":{"line":123,"column":6},"end":{"line":130,"column":5}}]},"18":{"type":"branch","line":133,"loc":{"start":{"line":133,"column":25},"end":{"line":152,"column":3}},"locations":[{"start":{"line":133,"column":25},"end":{"line":152,"column":3}}]},"19":{"type":"branch","line":134,"loc":{"start":{"line":134,"column":23},"end":{"line":137,"column":5}},"locations":[{"start":{"line":134,"column":23},"end":{"line":137,"column":5}}]},"20":{"type":"branch","line":142,"loc":{"start":{"line":142,"column":17},"end":{"line":142,"column":28}},"locations":[{"start":{"line":142,"column":17},"end":{"line":142,"column":28}}]},"21":{"type":"branch","line":144,"loc":{"start":{"line":144,"column":6},"end":{"line":151,"column":5}},"locations":[{"start":{"line":144,"column":6},"end":{"line":151,"column":5}}]},"22":{"type":"branch","line":154,"loc":{"start":{"line":154,"column":20},"end":{"line":175,"column":3}},"locations":[{"start":{"line":154,"column":20},"end":{"line":175,"column":3}}]},"23":{"type":"branch","line":155,"loc":{"start":{"line":155,"column":15},"end":{"line":155,"column":21}},"locations":[{"start":{"line":155,"column":15},"end":{"line":155,"column":21}}]},"24":{"type":"branch","line":160,"loc":{"start":{"line":160,"column":17},"end":{"line":160,"column":28}},"locations":[{"start":{"line":160,"column":17},"end":{"line":160,"column":28}}]},"25":{"type":"branch","line":167,"loc":{"start":{"line":167,"column":6},"end":{"line":174,"column":5}},"locations":[{"start":{"line":167,"column":6},"end":{"line":174,"column":5}}]},"26":{"type":"branch","line":177,"loc":{"start":{"line":177,"column":23},"end":{"line":181,"column":3}},"locations":[{"start":{"line":177,"column":23},"end":{"line":181,"column":3}}]},"27":{"type":"branch","line":178,"loc":{"start":{"line":178,"column":28},"end":{"line":180,"column":7}},"locations":[{"start":{"line":178,"column":28},"end":{"line":180,"column":7}}]}},"b":{"0":[27],"1":[27],"2":[12],"3":[0],"4":[0],"5":[0],"6":[0],"7":[7],"8":[0],"9":[2],"10":[0],"11":[1],"12":[0],"13":[0],"14":[1],"15":[1],"16":[0],"17":[0],"18":[3],"19":[0],"20":[0],"21":[0],"22":[1],"23":[0],"24":[0],"25":[0],"26":[2],"27":[4]},"fnMap":{"0":{"name":"addToCart","decl":{"start":{"line":25,"column":13},"end":{"line":25,"column":28}},"loc":{"start":{"line":25,"column":13},"end":{"line":25,"column":28}},"line":25},"1":{"name":"removeFromCart","decl":{"start":{"line":26,"column":18},"end":{"line":26,"column":33}},"loc":{"start":{"line":26,"column":18},"end":{"line":26,"column":33}},"line":26},"2":{"name":"updateQuantity","decl":{"start":{"line":27,"column":18},"end":{"line":27,"column":33}},"loc":{"start":{"line":27,"column":18},"end":{"line":27,"column":33}},"line":27},"3":{"name":"clearCart","decl":{"start":{"line":28,"column":13},"end":{"line":28,"column":28}},"loc":{"start":{"line":28,"column":13},"end":{"line":28,"column":28}},"line":28},"4":{"name":"getCartTotal","decl":{"start":{"line":29,"column":16},"end":{"line":29,"column":24}},"loc":{"start":{"line":29,"column":16},"end":{"line":29,"column":24}},"line":29},"5":{"name":"refreshCart","decl":{"start":{"line":30,"column":15},"end":{"line":30,"column":30}},"loc":{"start":{"line":30,"column":15},"end":{"line":30,"column":30}},"line":30},"6":{"name":"useCart","decl":{"start":{"line":33,"column":7},"end":{"line":35,"column":1}},"loc":{"start":{"line":33,"column":7},"end":{"line":35,"column":1}},"line":33},"7":{"name":"CartProvider","decl":{"start":{"line":37,"column":7},"end":{"line":203,"column":1}},"loc":{"start":{"line":37,"column":7},"end":{"line":203,"column":1}},"line":37},"8":{"name":"fetchCartItems","decl":{"start":{"line":43,"column":25},"end":{"line":68,"column":3}},"loc":{"start":{"line":43,"column":25},"end":{"line":68,"column":3}},"line":43},"9":{"name":"addToCart","decl":{"start":{"line":78,"column":20},"end":{"line":110,"column":3}},"loc":{"start":{"line":78,"column":20},"end":{"line":110,"column":3}},"line":78},"10":{"name":"removeFromCart","decl":{"start":{"line":112,"column":25},"end":{"line":131,"column":3}},"loc":{"start":{"line":112,"column":25},"end":{"line":131,"column":3}},"line":112},"11":{"name":"updateQuantity","decl":{"start":{"line":133,"column":25},"end":{"line":152,"column":3}},"loc":{"start":{"line":133,"column":25},"end":{"line":152,"column":3}},"line":133},"12":{"name":"clearCart","decl":{"start":{"line":154,"column":20},"end":{"line":175,"column":3}},"loc":{"start":{"line":154,"column":20},"end":{"line":175,"column":3}},"line":154},"13":{"name":"getCartTotal","decl":{"start":{"line":177,"column":23},"end":{"line":181,"column":3}},"loc":{"start":{"line":177,"column":23},"end":{"line":181,"column":3}},"line":177},"14":{"name":"refreshCart","decl":{"start":{"line":183,"column":22},"end":{"line":185,"column":3}},"loc":{"start":{"line":183,"column":22},"end":{"line":185,"column":3}},"line":183}},"f":{"0":0,"1":0,"2":0,"3":0,"4":0,"5":0,"6":27,"7":27,"8":12,"9":2,"10":1,"11":3,"12":1,"13":2,"14":0}}
,"/home/antonio-fernando/Documents/stg-catalog-challenge/src/lib/utils.ts": {"path":"/home/antonio-fernando/Documents/stg-catalog-challenge/src/lib/utils.ts","all":false,"statementMap":{"0":{"start":{"line":1,"column":0},"end":{"line":1,"column":44}},"1":{"start":{"line":2,"column":0},"end":{"line":2,"column":40}},"2":{"start":{"line":3,"column":0},"end":{"line":3,"column":0}},"3":{"start":{"line":4,"column":0},"end":{"line":4,"column":45}},"4":{"start":{"line":5,"column":0},"end":{"line":5,"column":30}},"5":{"start":{"line":6,"column":0},"end":{"line":6,"column":1}},"6":{"start":{"line":7,"column":0},"end":{"line":7,"column":0}},"7":{"start":{"line":8,"column":0},"end":{"line":8,"column":52}},"8":{"start":{"line":9,"column":0},"end":{"line":9,"column":41}},"9":{"start":{"line":10,"column":0},"end":{"line":10,"column":22}},"10":{"start":{"line":11,"column":0},"end":{"line":11,"column":20}},"11":{"start":{"line":12,"column":0},"end":{"line":12,"column":18}},"12":{"start":{"line":13,"column":0},"end":{"line":13,"column":1}},"13":{"start":{"line":14,"column":0},"end":{"line":14,"column":0}},"14":{"start":{"line":15,"column":0},"end":{"line":15,"column":93}},"15":{"start":{"line":16,"column":0},"end":{"line":16,"column":62}},"16":{"start":{"line":17,"column":0},"end":{"line":17,"column":30}},"17":{"start":{"line":18,"column":0},"end":{"line":18,"column":0}},"18":{"start":{"line":19,"column":0},"end":{"line":19,"column":53}},"19":{"start":{"line":20,"column":0},"end":{"line":20,"column":42}},"20":{"start":{"line":21,"column":0},"end":{"line":21,"column":43}},"21":{"start":{"line":22,"column":0},"end":{"line":22,"column":31}},"22":{"start":{"line":23,"column":0},"end":{"line":23,"column":0}},"23":{"start":{"line":24,"column":0},"end":{"line":24,"column":31}},"24":{"start":{"line":25,"column":0},"end":{"line":25,"column":118}},"25":{"start":{"line":26,"column":0},"end":{"line":26,"column":4}},"26":{"start":{"line":27,"column":0},"end":{"line":27,"column":0}},"27":{"start":{"line":28,"column":0},"end":{"line":28,"column":54}},"28":{"start":{"line":29,"column":0},"end":{"line":29,"column":52}},"29":{"start":{"line":30,"column":0},"end":{"line":30,"column":0}},"30":{"start":{"line":31,"column":0},"end":{"line":31,"column":36}},"31":{"start":{"line":32,"column":0},"end":{"line":32,"column":1}}},"s":{"0":1,"1":1,"2":1,"3":1,"4":0,"5":0,"6":1,"7":1,"8":15,"9":15,"10":15,"11":15,"12":15,"13":1,"14":1,"15":5,"16":5,"17":5,"18":5,"19":5,"20":5,"21":5,"22":5,"23":5,"24":10,"25":10,"26":5,"27":5,"28":5,"29":5,"30":5,"31":5},"branchMap":{"0":{"type":"branch","line":8,"loc":{"start":{"line":8,"column":7},"end":{"line":13,"column":1}},"locations":[{"start":{"line":8,"column":7},"end":{"line":13,"column":1}}]},"1":{"type":"branch","line":15,"loc":{"start":{"line":15,"column":7},"end":{"line":32,"column":1}},"locations":[{"start":{"line":15,"column":7},"end":{"line":32,"column":1}}]},"2":{"type":"branch","line":16,"loc":{"start":{"line":16,"column":39},"end":{"line":16,"column":62}},"locations":[{"start":{"line":16,"column":39},"end":{"line":16,"column":62}}]},"3":{"type":"branch","line":24,"loc":{"start":{"line":24,"column":20},"end":{"line":26,"column":4}},"locations":[{"start":{"line":24,"column":20},"end":{"line":26,"column":4}}]}},"b":{"0":[15],"1":[5],"2":[1],"3":[10]},"fnMap":{"0":{"name":"cn","decl":{"start":{"line":4,"column":7},"end":{"line":6,"column":1}},"loc":{"start":{"line":4,"column":7},"end":{"line":6,"column":1}},"line":4},"1":{"name":"formatPrice","decl":{"start":{"line":8,"column":7},"end":{"line":13,"column":1}},"loc":{"start":{"line":8,"column":7},"end":{"line":13,"column":1}},"line":8},"2":{"name":"generateWhatsAppMessage","decl":{"start":{"line":15,"column":7},"end":{"line":32,"column":1}},"loc":{"start":{"line":15,"column":7},"end":{"line":32,"column":1}},"line":15}},"f":{"0":0,"1":15,"2":5}}
}
