TN:
SF:src/hooks/useCart.tsx
FN:25,addToCart
FN:26,removeFromCart
FN:27,updateQuantity
FN:28,clearCart
FN:29,getCartTotal
FN:30,refreshCart
FN:33,useCart
FN:37,CartProvider
FN:43,fetchCartItems
FN:78,addToCart
FN:112,removeFromCart
FN:133,updateQuantity
FN:154,clearCart
FN:177,getCartTotal
FN:183,refreshCart
FNF:15
FNH:8
FNDA:0,addToCart
FNDA:0,removeFromCart
FNDA:0,updateQuantity
FNDA:0,clearCart
FNDA:0,getCartTotal
FNDA:0,refreshCart
FNDA:27,useCart
FNDA:27,CartProvider
FNDA:12,fetchCartItems
FNDA:2,addToCart
FNDA:1,removeFromCart
FNDA:3,updateQuantity
FNDA:1,clearCart
FNDA:2,getCartTotal
FNDA:0,refreshCart
DA:1,1
DA:2,1
DA:3,1
DA:4,1
DA:5,1
DA:6,1
DA:7,1
DA:8,1
DA:9,1
DA:10,1
DA:11,1
DA:12,1
DA:13,1
DA:14,1
DA:15,1
DA:16,1
DA:17,1
DA:18,1
DA:19,1
DA:20,1
DA:21,1
DA:22,1
DA:23,1
DA:24,1
DA:25,1
DA:26,1
DA:27,1
DA:28,1
DA:29,1
DA:30,1
DA:31,1
DA:32,1
DA:33,1
DA:34,27
DA:35,27
DA:36,1
DA:37,1
DA:38,27
DA:39,27
DA:40,27
DA:41,27
DA:42,27
DA:43,27
DA:44,12
DA:45,12
DA:46,12
DA:47,12
DA:48,12
DA:49,12
DA:50,12
DA:51,12
DA:52,12
DA:53,12
DA:54,12
DA:55,12
DA:56,12
DA:57,12
DA:58,12
DA:59,0
DA:60,0
DA:61,0
DA:62,0
DA:63,0
DA:64,0
DA:65,12
DA:66,12
DA:67,12
DA:68,12
DA:69,27
DA:70,27
DA:71,7
DA:72,7
DA:73,7
DA:74,0
DA:75,0
DA:76,27
DA:77,27
DA:78,27
DA:79,2
DA:80,2
DA:81,2
DA:82,2
DA:83,2
DA:84,2
DA:85,2
DA:86,1
DA:87,1
DA:88,1
DA:89,1
DA:90,1
DA:91,1
DA:92,1
DA:93,1
DA:94,1
DA:95,1
DA:96,1
DA:97,2
DA:98,2
DA:99,2
DA:100,2
DA:101,2
DA:102,2
DA:103,0
DA:104,0
DA:105,0
DA:106,0
DA:107,0
DA:108,0
DA:109,0
DA:110,2
DA:111,27
DA:112,27
DA:113,1
DA:114,1
DA:115,1
DA:116,1
DA:117,1
DA:118,1
DA:119,1
DA:120,1
DA:121,1
DA:122,1
DA:123,1
DA:124,0
DA:125,0
DA:126,0
DA:127,0
DA:128,0
DA:129,0
DA:130,0
DA:131,1
DA:132,27
DA:133,27
DA:134,3
DA:135,0
DA:136,0
DA:137,0
DA:138,3
DA:139,3
DA:140,3
DA:141,3
DA:142,3
DA:143,3
DA:144,3
DA:145,0
DA:146,0
DA:147,0
DA:148,0
DA:149,0
DA:150,0
DA:151,0
DA:152,3
DA:153,27
DA:154,27
DA:155,1
DA:156,1
DA:157,1
DA:158,1
DA:159,1
DA:160,1
DA:161,1
DA:162,1
DA:163,1
DA:164,1
DA:165,1
DA:166,1
DA:167,1
DA:168,0
DA:169,0
DA:170,0
DA:171,0
DA:172,0
DA:173,0
DA:174,0
DA:175,1
DA:176,27
DA:177,27
DA:178,2
DA:179,4
DA:180,2
DA:181,2
DA:182,27
DA:183,27
DA:184,0
DA:185,0
DA:186,27
DA:187,27
DA:188,27
DA:189,27
DA:190,27
DA:191,27
DA:192,27
DA:193,27
DA:194,27
DA:195,27
DA:196,27
DA:197,27
DA:198,27
DA:199,27
DA:200,27
DA:201,27
DA:202,27
DA:203,27
LF:203
LH:162
BRDA:33,0,0,27
BRDA:37,1,0,27
BRDA:43,2,0,12
BRDA:44,3,0,0
BRDA:56,4,0,0
BRDA:57,5,0,0
BRDA:58,6,0,0
BRDA:70,7,0,7
BRDA:73,8,0,0
BRDA:78,9,0,2
BRDA:79,10,0,0
BRDA:85,11,0,1
BRDA:94,12,0,0
BRDA:102,13,0,0
BRDA:83,14,0,1
BRDA:112,15,0,1
BRDA:116,16,0,0
BRDA:123,17,0,0
BRDA:133,18,0,3
BRDA:134,19,0,0
BRDA:142,20,0,0
BRDA:144,21,0,0
BRDA:154,22,0,1
BRDA:155,23,0,0
BRDA:160,24,0,0
BRDA:167,25,0,0
BRDA:177,26,0,2
BRDA:178,27,0,4
BRF:28
BRH:12
end_of_record
TN:
SF:src/lib/utils.ts
FN:4,cn
FN:8,formatPrice
FN:15,generateWhatsAppMessage
FNF:3
FNH:2
FNDA:0,cn
FNDA:15,formatPrice
FNDA:5,generateWhatsAppMessage
DA:1,1
DA:2,1
DA:3,1
DA:4,1
DA:5,0
DA:6,0
DA:7,1
DA:8,1
DA:9,15
DA:10,15
DA:11,15
DA:12,15
DA:13,15
DA:14,1
DA:15,1
DA:16,5
DA:17,5
DA:18,5
DA:19,5
DA:20,5
DA:21,5
DA:22,5
DA:23,5
DA:24,5
DA:25,10
DA:26,10
DA:27,5
DA:28,5
DA:29,5
DA:30,5
DA:31,5
DA:32,5
LF:32
LH:30
BRDA:8,0,0,15
BRDA:15,1,0,5
BRDA:16,2,0,1
BRDA:24,3,0,10
BRF:4
BRH:4
end_of_record
